STATUS CODE: 500
RESPONSE JSON: {'details': '(psycopg2.errors.ForeignKeyViolation) insert or update on table "vendas" violates foreign key constraint "vendas_cliente_id_fkey"\nDETAIL:  Key (cliente_id)=(1) is not present in table "clientes".\n\n[SQL: INSERT INTO vendas (estabelecimento_id, cliente_id, funcionario_id, codigo, subtotal, desconto, total, forma_pagamento, valor_recebido, troco, status, quantidade_itens, observacoes, data_venda, data_cancelamento, motivo_cancelamento, created_at, updated_at) VALUES (%(estabelecimento_id)s, %(cliente_id)s, %(funcionario_id)s, %(codigo)s, %(subtotal)s, %(desconto)s, %(total)s, %(forma_pagamento)s, %(valor_recebido)s, %(troco)s, %(status)s, %(quantidade_itens)s, %(observacoes)s, %(data_venda)s, %(data_cancelamento)s, %(motivo_cancelamento)s, %(created_at)s, %(updated_at)s) RETURNING vendas.id]\n[parameters: {\'estabelecimento_id\': 1, \'cliente_id\': 1, \'funcionario_id\': 1, \'codigo\': \'V-20260303-7466\', \'subtotal\': Decimal(\'10.00\'), \'desconto\': Decimal(\'0.00\'), \'total\': Decimal(\'10.00\'), \'forma_pagamento\': \'fiado\', \'valor_recebido\': Decimal(\'10.00\'), \'troco\': Decimal(\'0.00\'), \'status\': \'finalizada\', \'quantidade_itens\': 1, \'observacoes\': None, \'data_venda\': datetime.datetime(2026, 3, 3, 22, 54, 50, 775605, tzinfo=<DstTzInfo \'America/Manaus\' -04-1 day, 20:00:00 STD>), \'data_cancelamento\': None, \'motivo_cancelamento\': None, \'created_at\': datetime.datetime(2026, 3, 4, 2, 54, 50, 778398), \'updated_at\': datetime.datetime(2026, 3, 4, 2, 54, 50, 778408)}]\n(Background on this error at: https://sqlalche.me/e/20/gkpj)', 'error': 'Erro ao salvar venda no banco', 'trace': 'Traceback (most recent call last):\n  File "C:\\Users\\rafae\\OneDrive\\Desktop\\mercadinhosys\\backend\\venv\\Lib\\site-packages\\sqlalchemy\\engine\\base.py", line 1967, in _exec_single_context\n    self.dialect.do_execute(\n    ~~~~~~~~~~~~~~~~~~~~~~~^\n        cursor, str_statement, effective_parameters, context\n        ^^^^^^^^^^^^^^^^^^^^^^^^^^^^^^^^^^^^^^^^^^^^^^^^^^^^\n    )\n    ^\n  File "C:\\Users\\rafae\\OneDrive\\Desktop\\mercadinhosys\\backend\\venv\\Lib\\site-packages\\sqlalchemy\\engine\\default.py", line 952, in do_execute\n    cursor.execute(statement, parameters)\n    ~~~~~~~~~~~~~~^^^^^^^^^^^^^^^^^^^^^^^\npsycopg2.errors.ForeignKeyViolation: insert or update on table "vendas" violates foreign key constraint "vendas_cliente_id_fkey"\nDETAIL:  Key (cliente_id)=(1) is not present in table "clientes".\n\n\nThe above exception was the direct cause of the following exception:\n\nTraceback (most recent call last):\n  File "C:\\Users\\rafae\\OneDrive\\Desktop\\mercadinhosys\\backend\\app\\routes\\pdv.py", line 689, in finalizar_venda\n    db.session.flush()\n    ~~~~~~~~~~~~~~~~^^\n  File "C:\\Users\\rafae\\OneDrive\\Desktop\\mercadinhosys\\backend\\venv\\Lib\\site-packages\\sqlalchemy\\orm\\scoping.py", line 924, in flush\n    return self._proxied.flush(objects=objects)\n           ~~~~~~~~~~~~~~~~~~~^^^^^^^^^^^^^^^^^\n  File "C:\\Users\\rafae\\OneDrive\\Desktop\\mercadinhosys\\backend\\venv\\Lib\\site-packages\\sqlalchemy\\orm\\session.py", line 4331, in flush\n    self._flush(objects)\n    ~~~~~~~~~~~^^^^^^^^^\n  File "C:\\Users\\rafae\\OneDrive\\Desktop\\mercadinhosys\\backend\\venv\\Lib\\site-packages\\sqlalchemy\\orm\\session.py", line 4466, in _flush\n    with util.safe_reraise():\n         ~~~~~~~~~~~~~~~~~^^\n  File "C:\\Users\\rafae\\OneDrive\\Desktop\\mercadinhosys\\backend\\venv\\Lib\\site-packages\\sqlalchemy\\util\\langhelpers.py", line 224, in __exit__\n    raise exc_value.with_traceback(exc_tb)\n  File "C:\\Users\\rafae\\OneDrive\\Desktop\\mercadinhosys\\backend\\venv\\Lib\\site-packages\\sqlalchemy\\orm\\session.py", line 4427, in _flush\n    flush_context.execute()\n    ~~~~~~~~~~~~~~~~~~~~~^^\n  File "C:\\Users\\rafae\\OneDrive\\Desktop\\mercadinhosys\\backend\\venv\\Lib\\site-packages\\sqlalchemy\\orm\\unitofwork.py", line 466, in execute\n    rec.execute(self)\n    ~~~~~~~~~~~^^^^^^\n  File "C:\\Users\\rafae\\OneDrive\\Desktop\\mercadinhosys\\backend\\venv\\Lib\\site-packages\\sqlalchemy\\orm\\unitofwork.py", line 642, in execute\n    util.preloaded.orm_persistence.save_obj(\n    ~~~~~~~~~~~~~~~~~~~~~~~~~~~~~~~~~~~~~~~^\n        self.mapper,\n        ^^^^^^^^^^^^\n        uow.states_for_mapper_hierarchy(self.mapper, False, False),\n        ^^^^^^^^^^^^^^^^^^^^^^^^^^^^^^^^^^^^^^^^^^^^^^^^^^^^^^^^^^^\n        uow,\n        ^^^^\n    )\n    ^\n  File "C:\\Users\\rafae\\OneDrive\\Desktop\\mercadinhosys\\backend\\venv\\Lib\\site-packages\\sqlalchemy\\orm\\persistence.py", line 93, in save_obj\n    _emit_insert_statements(\n    ~~~~~~~~~~~~~~~~~~~~~~~^\n        base_mapper,\n        ^^^^^^^^^^^^\n    ...<3 lines>...\n        insert,\n        ^^^^^^^\n    )\n    ^\n  File "C:\\Users\\rafae\\OneDrive\\Desktop\\mercadinhosys\\backend\\venv\\Lib\\site-packages\\sqlalchemy\\orm\\persistence.py", line 1233, in _emit_insert_statements\n    result = connection.execute(\n        statement,\n        params,\n        execution_options=execution_options,\n    )\n  File "C:\\Users\\rafae\\OneDrive\\Desktop\\mercadinhosys\\backend\\venv\\Lib\\site-packages\\sqlalchemy\\engine\\base.py", line 1419, in execute\n    return meth(\n        self,\n        distilled_parameters,\n        execution_options or NO_OPTIONS,\n    )\n  File "C:\\Users\\rafae\\OneDrive\\Desktop\\mercadinhosys\\backend\\venv\\Lib\\site-packages\\sqlalchemy\\sql\\elements.py", line 527, in _execute_on_connection\n    return connection._execute_clauseelement(\n           ~~~~~~~~~~~~~~~~~~~~~~~~~~~~~~~~~^\n        self, distilled_params, execution_options\n        ^^^^^^^^^^^^^^^^^^^^^^^^^^^^^^^^^^^^^^^^^\n    )\n    ^\n  File "C:\\Users\\rafae\\OneDrive\\Desktop\\mercadinhosys\\backend\\venv\\Lib\\site-packages\\sqlalchemy\\engine\\base.py", line 1641, in _execute_clauseelement\n    ret = self._execute_context(\n        dialect,\n    ...<8 lines>...\n        cache_hit=cache_hit,\n    )\n  File "C:\\Users\\rafae\\OneDrive\\Desktop\\mercadinhosys\\backend\\venv\\Lib\\site-packages\\sqlalchemy\\engine\\base.py", line 1846, in _execute_context\n    return self._exec_single_context(\n           ~~~~~~~~~~~~~~~~~~~~~~~~~^\n        dialect, context, statement, parameters\n        ^^^^^^^^^^^^^^^^^^^^^^^^^^^^^^^^^^^^^^^\n    )\n    ^\n  File "C:\\Users\\rafae\\OneDrive\\Desktop\\mercadinhosys\\backend\\venv\\Lib\\site-packages\\sqlalchemy\\engine\\base.py", line 1986, in _exec_single_context\n    self._handle_dbapi_exception(\n    ~~~~~~~~~~~~~~~~~~~~~~~~~~~~^\n        e, str_statement, effective_parameters, cursor, context\n        ^^^^^^^^^^^^^^^^^^^^^^^^^^^^^^^^^^^^^^^^^^^^^^^^^^^^^^^\n    )\n    ^\n  File "C:\\Users\\rafae\\OneDrive\\Desktop\\mercadinhosys\\backend\\venv\\Lib\\site-packages\\sqlalchemy\\engine\\base.py", line 2363, in _handle_dbapi_exception\n    raise sqlalchemy_exception.with_traceback(exc_info[2]) from e\n  File "C:\\Users\\rafae\\OneDrive\\Desktop\\mercadinhosys\\backend\\venv\\Lib\\site-packages\\sqlalchemy\\engine\\base.py", line 1967, in _exec_single_context\n    self.dialect.do_execute(\n    ~~~~~~~~~~~~~~~~~~~~~~~^\n        cursor, str_statement, effective_parameters, context\n        ^^^^^^^^^^^^^^^^^^^^^^^^^^^^^^^^^^^^^^^^^^^^^^^^^^^^\n    )\n    ^\n  File "C:\\Users\\rafae\\OneDrive\\Desktop\\mercadinhosys\\backend\\venv\\Lib\\site-packages\\sqlalchemy\\engine\\default.py", line 952, in do_execute\n    cursor.execute(statement, parameters)\n    ~~~~~~~~~~~~~~^^^^^^^^^^^^^^^^^^^^^^^\nsqlalchemy.exc.IntegrityError: (psycopg2.errors.ForeignKeyViolation) insert or update on table "vendas" violates foreign key constraint "vendas_cliente_id_fkey"\nDETAIL:  Key (cliente_id)=(1) is not present in table "clientes".\n\n[SQL: INSERT INTO vendas (estabelecimento_id, cliente_id, funcionario_id, codigo, subtotal, desconto, total, forma_pagamento, valor_recebido, troco, status, quantidade_itens, observacoes, data_venda, data_cancelamento, motivo_cancelamento, created_at, updated_at) VALUES (%(estabelecimento_id)s, %(cliente_id)s, %(funcionario_id)s, %(codigo)s, %(subtotal)s, %(desconto)s, %(total)s, %(forma_pagamento)s, %(valor_recebido)s, %(troco)s, %(status)s, %(quantidade_itens)s, %(observacoes)s, %(data_venda)s, %(data_cancelamento)s, %(motivo_cancelamento)s, %(created_at)s, %(updated_at)s) RETURNING vendas.id]\n[parameters: {\'estabelecimento_id\': 1, \'cliente_id\': 1, \'funcionario_id\': 1, \'codigo\': \'V-20260303-7466\', \'subtotal\': Decimal(\'10.00\'), \'desconto\': Decimal(\'0.00\'), \'total\': Decimal(\'10.00\'), \'forma_pagamento\': \'fiado\', \'valor_recebido\': Decimal(\'10.00\'), \'troco\': Decimal(\'0.00\'), \'status\': \'finalizada\', \'quantidade_itens\': 1, \'observacoes\': None, \'data_venda\': datetime.datetime(2026, 3, 3, 22, 54, 50, 775605, tzinfo=<DstTzInfo \'America/Manaus\' -04-1 day, 20:00:00 STD>), \'data_cancelamento\': None, \'motivo_cancelamento\': None, \'created_at\': datetime.datetime(2026, 3, 4, 2, 54, 50, 778398), \'updated_at\': datetime.datetime(2026, 3, 4, 2, 54, 50, 778408)}]\n(Background on this error at: https://sqlalche.me/e/20/gkpj)\n'}

TRACE:
Traceback (most recent call last):
  File "C:\Users\rafae\OneDrive\Desktop\mercadinhosys\backend\venv\Lib\site-packages\sqlalchemy\engine\base.py", line 1967, in _exec_single_context
    self.dialect.do_execute(
    ~~~~~~~~~~~~~~~~~~~~~~~^
        cursor, str_statement, effective_parameters, context
        ^^^^^^^^^^^^^^^^^^^^^^^^^^^^^^^^^^^^^^^^^^^^^^^^^^^^
    )
    ^
  File "C:\Users\rafae\OneDrive\Desktop\mercadinhosys\backend\venv\Lib\site-packages\sqlalchemy\engine\default.py", line 952, in do_execute
    cursor.execute(statement, parameters)
    ~~~~~~~~~~~~~~^^^^^^^^^^^^^^^^^^^^^^^
psycopg2.errors.ForeignKeyViolation: insert or update on table "vendas" violates foreign key constraint "vendas_cliente_id_fkey"
DETAIL:  Key (cliente_id)=(1) is not present in table "clientes".


The above exception was the direct cause of the following exception:

Traceback (most recent call last):
  File "C:\Users\rafae\OneDrive\Desktop\mercadinhosys\backend\app\routes\pdv.py", line 689, in finalizar_venda
    db.session.flush()
    ~~~~~~~~~~~~~~~~^^
  File "C:\Users\rafae\OneDrive\Desktop\mercadinhosys\backend\venv\Lib\site-packages\sqlalchemy\orm\scoping.py", line 924, in flush
    return self._proxied.flush(objects=objects)
           ~~~~~~~~~~~~~~~~~~~^^^^^^^^^^^^^^^^^
  File "C:\Users\rafae\OneDrive\Desktop\mercadinhosys\backend\venv\Lib\site-packages\sqlalchemy\orm\session.py", line 4331, in flush
    self._flush(objects)
    ~~~~~~~~~~~^^^^^^^^^
  File "C:\Users\rafae\OneDrive\Desktop\mercadinhosys\backend\venv\Lib\site-packages\sqlalchemy\orm\session.py", line 4466, in _flush
    with util.safe_reraise():
         ~~~~~~~~~~~~~~~~~^^
  File "C:\Users\rafae\OneDrive\Desktop\mercadinhosys\backend\venv\Lib\site-packages\sqlalchemy\util\langhelpers.py", line 224, in __exit__
    raise exc_value.with_traceback(exc_tb)
  File "C:\Users\rafae\OneDrive\Desktop\mercadinhosys\backend\venv\Lib\site-packages\sqlalchemy\orm\session.py", line 4427, in _flush
    flush_context.execute()
    ~~~~~~~~~~~~~~~~~~~~~^^
  File "C:\Users\rafae\OneDrive\Desktop\mercadinhosys\backend\venv\Lib\site-packages\sqlalchemy\orm\unitofwork.py", line 466, in execute
    rec.execute(self)
    ~~~~~~~~~~~^^^^^^
  File "C:\Users\rafae\OneDrive\Desktop\mercadinhosys\backend\venv\Lib\site-packages\sqlalchemy\orm\unitofwork.py", line 642, in execute
    util.preloaded.orm_persistence.save_obj(
    ~~~~~~~~~~~~~~~~~~~~~~~~~~~~~~~~~~~~~~~^
        self.mapper,
        ^^^^^^^^^^^^
        uow.states_for_mapper_hierarchy(self.mapper, False, False),
        ^^^^^^^^^^^^^^^^^^^^^^^^^^^^^^^^^^^^^^^^^^^^^^^^^^^^^^^^^^^
        uow,
        ^^^^
    )
    ^
  File "C:\Users\rafae\OneDrive\Desktop\mercadinhosys\backend\venv\Lib\site-packages\sqlalchemy\orm\persistence.py", line 93, in save_obj
    _emit_insert_statements(
    ~~~~~~~~~~~~~~~~~~~~~~~^
        base_mapper,
        ^^^^^^^^^^^^
    ...<3 lines>...
        insert,
        ^^^^^^^
    )
    ^
  File "C:\Users\rafae\OneDrive\Desktop\mercadinhosys\backend\venv\Lib\site-packages\sqlalchemy\orm\persistence.py", line 1233, in _emit_insert_statements
    result = connection.execute(
        statement,
        params,
        execution_options=execution_options,
    )
  File "C:\Users\rafae\OneDrive\Desktop\mercadinhosys\backend\venv\Lib\site-packages\sqlalchemy\engine\base.py", line 1419, in execute
    return meth(
        self,
        distilled_parameters,
        execution_options or NO_OPTIONS,
    )
  File "C:\Users\rafae\OneDrive\Desktop\mercadinhosys\backend\venv\Lib\site-packages\sqlalchemy\sql\elements.py", line 527, in _execute_on_connection
    return connection._execute_clauseelement(
           ~~~~~~~~~~~~~~~~~~~~~~~~~~~~~~~~~^
        self, distilled_params, execution_options
        ^^^^^^^^^^^^^^^^^^^^^^^^^^^^^^^^^^^^^^^^^
    )
    ^
  File "C:\Users\rafae\OneDrive\Desktop\mercadinhosys\backend\venv\Lib\site-packages\sqlalchemy\engine\base.py", line 1641, in _execute_clauseelement
    ret = self._execute_context(
        dialect,
    ...<8 lines>...
        cache_hit=cache_hit,
    )
  File "C:\Users\rafae\OneDrive\Desktop\mercadinhosys\backend\venv\Lib\site-packages\sqlalchemy\engine\base.py", line 1846, in _execute_context
    return self._exec_single_context(
           ~~~~~~~~~~~~~~~~~~~~~~~~~^
        dialect, context, statement, parameters
        ^^^^^^^^^^^^^^^^^^^^^^^^^^^^^^^^^^^^^^^
    )
    ^
  File "C:\Users\rafae\OneDrive\Desktop\mercadinhosys\backend\venv\Lib\site-packages\sqlalchemy\engine\base.py", line 1986, in _exec_single_context
    self._handle_dbapi_exception(
    ~~~~~~~~~~~~~~~~~~~~~~~~~~~~^
        e, str_statement, effective_parameters, cursor, context
        ^^^^^^^^^^^^^^^^^^^^^^^^^^^^^^^^^^^^^^^^^^^^^^^^^^^^^^^
    )
    ^
  File "C:\Users\rafae\OneDrive\Desktop\mercadinhosys\backend\venv\Lib\site-packages\sqlalchemy\engine\base.py", line 2363, in _handle_dbapi_exception
    raise sqlalchemy_exception.with_traceback(exc_info[2]) from e
  File "C:\Users\rafae\OneDrive\Desktop\mercadinhosys\backend\venv\Lib\site-packages\sqlalchemy\engine\base.py", line 1967, in _exec_single_context
    self.dialect.do_execute(
    ~~~~~~~~~~~~~~~~~~~~~~~^
        cursor, str_statement, effective_parameters, context
        ^^^^^^^^^^^^^^^^^^^^^^^^^^^^^^^^^^^^^^^^^^^^^^^^^^^^
    )
    ^
  File "C:\Users\rafae\OneDrive\Desktop\mercadinhosys\backend\venv\Lib\site-packages\sqlalchemy\engine\default.py", line 952, in do_execute
    cursor.execute(statement, parameters)
    ~~~~~~~~~~~~~~^^^^^^^^^^^^^^^^^^^^^^^
sqlalchemy.exc.IntegrityError: (psycopg2.errors.ForeignKeyViolation) insert or update on table "vendas" violates foreign key constraint "vendas_cliente_id_fkey"
DETAIL:  Key (cliente_id)=(1) is not present in table "clientes".

[SQL: INSERT INTO vendas (estabelecimento_id, cliente_id, funcionario_id, codigo, subtotal, desconto, total, forma_pagamento, valor_recebido, troco, status, quantidade_itens, observacoes, data_venda, data_cancelamento, motivo_cancelamento, created_at, updated_at) VALUES (%(estabelecimento_id)s, %(cliente_id)s, %(funcionario_id)s, %(codigo)s, %(subtotal)s, %(desconto)s, %(total)s, %(forma_pagamento)s, %(valor_recebido)s, %(troco)s, %(status)s, %(quantidade_itens)s, %(observacoes)s, %(data_venda)s, %(data_cancelamento)s, %(motivo_cancelamento)s, %(created_at)s, %(updated_at)s) RETURNING vendas.id]
[parameters: {'estabelecimento_id': 1, 'cliente_id': 1, 'funcionario_id': 1, 'codigo': 'V-20260303-7466', 'subtotal': Decimal('10.00'), 'desconto': Decimal('0.00'), 'total': Decimal('10.00'), 'forma_pagamento': 'fiado', 'valor_recebido': Decimal('10.00'), 'troco': Decimal('0.00'), 'status': 'finalizada', 'quantidade_itens': 1, 'observacoes': None, 'data_venda': datetime.datetime(2026, 3, 3, 22, 54, 50, 775605, tzinfo=<DstTzInfo 'America/Manaus' -04-1 day, 20:00:00 STD>), 'data_cancelamento': None, 'motivo_cancelamento': None, 'created_at': datetime.datetime(2026, 3, 4, 2, 54, 50, 778398), 'updated_at': datetime.datetime(2026, 3, 4, 2, 54, 50, 778408)}]
(Background on this error at: https://sqlalche.me/e/20/gkpj)

